Step: build-step-credential-initializer:

{"level":"warn","ts":1551204220.1780562,"logger":"fallback-logger","caller":"logging/config.go:65","msg":"Fetch GitHub commit ID from kodata failed: \"ref: refs/heads/test\" is not a valid GitHub commit ID"}
{"level":"info","ts":1551204220.178488,"logger":"fallback-logger","caller":"creds-init/main.go:40","msg":"Credentials initialized."}
Step: build-step-git-source-0:

{"level":"warn","ts":1551204223.291769,"logger":"fallback-logger","caller":"logging/config.go:65","msg":"Fetch GitHub commit ID from kodata failed: \"ref: refs/heads/test\" is not a valid GitHub commit ID"}
{"level":"info","ts":1551204223.9391894,"logger":"fallback-logger","caller":"git-init/main.go:92","msg":"Successfully cloned \"https://github.com/dcanadillas-kube/cloudbees-godemo.git\" @ \"c9453b72b73403b14e4c62d8b9c9523cd30e8f0a\" in path \"/workspace\""}
Step: build-step-jenkins:

Picked up _JAVA_OPTIONS: -Xmx400m
Started
Running in Durability level: PERFORMANCE_OPTIMIZED
  20.115 [id=19]	WARNING	i.f.k.c.i.VersionUsageUtils#alert: The client is using resource type 'customresourcedefinitions' with unstable version 'v1beta1'
[Pipeline] node
Running on Jenkins in /tmp/jenkinsTests.tmp/jenkins6234303255919594228test/workspace/job
[Pipeline] {
[Pipeline] stage
[Pipeline] { (Declarative: Checkout SCM)
[Pipeline] checkout
[Pipeline] }
[Pipeline] // stage
[Pipeline] withCredentials
[Pipeline] {
[Pipeline] withEnv
[Pipeline] {
[Pipeline] stage
[Pipeline] { (CI Build and push snapshot)
[Pipeline] withEnv
[Pipeline] {
[Pipeline] dir
Running in /home/jenkins/go/src/github.com/dcanadillas-kube/cloudbees-godemo
[Pipeline] {
[Pipeline] checkout
[Pipeline] sh
+ make linux
CGO_ENABLED=0 GOOS=linux GOARCH=amd64 GO15VENDOREXPERIMENT=1 go build -ldflags '' -o bin/cloudbees-godemo main.go
[Pipeline] sh
+ export VERSION=0.0.0-SNAPSHOT-PR-2-1
+ skaffold build -f skaffold.yaml
time="2019-02-26T18:06:21Z" level=warning msg="config version (skaffold/v1beta2) out of date: upgrading to latest (skaffold/v1beta3)"
Starting build...
Building [changeme]...
Sending build context to Docker daemon  525.8kBSending build context to Docker daemon  6.502MB
Step 1/4 : FROM scratch
 ---> 
Step 2/4 : EXPOSE 8080
 ---> Running in dd8543acfb0d
 ---> c569a484e8ea
Step 3/4 : ENTRYPOINT /cloudbees-godemo
 ---> Running in c8b781cdfa2c
 ---> 85332f0c868c
Step 4/4 : COPY ./bin/ /
 ---> 82240ce874bb
Successfully built 82240ce874bb
The push refers to a repository [10.55.249.78:5000/dcanadillas-kube/cloudbees-godemo]
62ae62db1f2b: Preparing
62ae62db1f2b: Pushed
0.0.0-SNAPSHOT-PR-2-1: digest: sha256:6974291cab157e08dc2c048193a5855f615a591c47995054441c80bf67857e69 size: 528
Build complete in 1.670608643s
Starting test...
Test complete in 6.663µs
changeme -> 10.55.249.78:5000/dcanadillas-kube/cloudbees-godemo:0.0.0-SNAPSHOT-PR-2-1
There is a new version (0.23.0) of skaffold available. Download it at https://storage.googleapis.com/skaffold/releases/latest/skaffold-linux-amd64

[Pipeline] sh
+ jx step post build --image 10.55.249.78:5000/dcanadillas-kube/cloudbees-godemo:0.0.0-SNAPSHOT-PR-2-1
[Pipeline] }
[Pipeline] // dir
[Pipeline] dir
Running in /home/jenkins/go/src/github.com/dcanadillas-kube/cloudbees-godemo/charts/preview
[Pipeline] {
[Pipeline] sh
+ make preview
sed -i -e "s/version:.*/version: 0.0.0-SNAPSHOT-PR-2-1/" Chart.yaml
sed -i -e "s/version:.*/version: 0.0.0-SNAPSHOT-PR-2-1/" ../*/Chart.yaml
sed -i -e "s|repository:.*|repository: 10.55.249.78:5000\/dcanadillas-kube\/cloudbees-godemo|" values.yaml
sed -i -e "s/tag:.*/tag: 0.0.0-SNAPSHOT-PR-2-1/" values.yaml
echo "  version: 0.0.0-SNAPSHOT-PR-2-1" >> requirements.yaml
jx step helm build
No $CHART_REPOSITORY defined so using the default value of: http://jenkins-x-chartmuseum:8080
Adding missing Helm repo: jenkins-x http://chartmuseum.jenkins-x.io
Successfully added Helm repository jenkins-x.
Adding missing Helm repo: releases http://jenkins-x-chartmuseum:8080
Successfully added Helm repository releases.
[Pipeline] sh
+ jx preview --app cloudbees-godemo --dir ../..
Creating a preview
Commit author email is empty for: c9453b72b73403b14e4c62d8b9c9523cd30e8f0a
Looking for commits in: /home/jenkins/go/src/github.com/dcanadillas-kube/cloudbees-godemo/
Found commit author match for: dcanadillas with email address: dcanadillas@cloudbees.com
Created environment dcanadillas-kube-cloudbees-godemo-pr-2
Namespace jx-dcanadillas-kube-cloudbees-godemo-pr-2 created 
 expose:
  Annotations:
    helm.sh/hook: post-install,post-upgrade
    helm.sh/hook-delete-policy: hook-succeeded
  config:
    domain: demockcd.dcanadillas.com
    exposer: Ingress
    http: "true"
preview:
  image:
    repository: 10.55.249.78:5000/dcanadillas-kube/cloudbees-godemo
    tag: 0.0.0-SNAPSHOT-PR-2-1
Failed to update PipelineActivities dcanadillas-kube-cloudbees-godemo-pr-2-1: the namespace of the object (jx-dcanadillas-kube-cloudbees-godemo-pr-2) does not match the namespace on the request (jx)
Preview application is now available at: http://cloudbees-godemo.jx-dcanadillas-kube-cloudbees-godemo-pr-2.demockcd.dcanadillas.com

[Pipeline] }
[Pipeline] // dir
[Pipeline] }
[Pipeline] // withEnv
[Pipeline] }
[Pipeline] // stage
[Pipeline] stage
[Pipeline] { (Build Release)
Stage "Build Release" skipped due to when conditional
[Pipeline] }
[Pipeline] // stage
[Pipeline] stage
[Pipeline] { (Promote to Environments)
Stage "Promote to Environments" skipped due to when conditional
[Pipeline] }
[Pipeline] // stage
[Pipeline] }
[Pipeline] // withEnv
[Pipeline] }
[Pipeline] // withCredentials
[Pipeline] }
[Pipeline] // node
[Pipeline] End of Pipeline
Finished: SUCCESS
