Step: build-step-credential-initializer:

{"level":"warn","ts":1551207000.1756358,"logger":"fallback-logger","caller":"logging/config.go:65","msg":"Fetch GitHub commit ID from kodata failed: \"ref: refs/heads/test\" is not a valid GitHub commit ID"}
{"level":"info","ts":1551207000.176292,"logger":"fallback-logger","caller":"creds-init/main.go:40","msg":"Credentials initialized."}
Step: build-step-git-source-0:

{"level":"warn","ts":1551207001.379833,"logger":"fallback-logger","caller":"logging/config.go:65","msg":"Fetch GitHub commit ID from kodata failed: \"ref: refs/heads/test\" is not a valid GitHub commit ID"}
{"level":"info","ts":1551207004.6672735,"logger":"fallback-logger","caller":"git-init/main.go:92","msg":"Successfully cloned \"https://github.com/dcanadillas-kube/cloudbees-godemo.git\" @ \"940cace1d09506e3ef792fff874bef3cd9e1dbd9\" in path \"/workspace\""}
Step: build-step-jenkins:

Picked up _JAVA_OPTIONS: -Xmx400m
Started
Running in Durability level: PERFORMANCE_OPTIMIZED
  19.933 [id=19]	WARNING	i.f.k.c.i.VersionUsageUtils#alert: The client is using resource type 'customresourcedefinitions' with unstable version 'v1beta1'
[Pipeline] node
Running on Jenkins in /tmp/jenkinsTests.tmp/jenkins3848344234005407487test/workspace/job
[Pipeline] {
[Pipeline] stage
[Pipeline] { (Declarative: Checkout SCM)
[Pipeline] checkout
[Pipeline] }
[Pipeline] // stage
[Pipeline] withCredentials
[Pipeline] {
[Pipeline] withEnv
[Pipeline] {
[Pipeline] stage
[Pipeline] { (CI Build and push snapshot)
Stage "CI Build and push snapshot" skipped due to when conditional
[Pipeline] }
[Pipeline] // stage
[Pipeline] stage
[Pipeline] { (Build Release)
[Pipeline] dir
Running in /home/jenkins/go/src/github.com/dcanadillas-kube/cloudbees-godemo
[Pipeline] {
[Pipeline] git
Cloning the remote Git repository
Cloning repository https://github.com/dcanadillas-kube/cloudbees-godemo.git
 > git init /home/jenkins/go/src/github.com/dcanadillas-kube/cloudbees-godemo # timeout=10
Fetching upstream changes from https://github.com/dcanadillas-kube/cloudbees-godemo.git
 > git --version # timeout=10
 > git fetch --tags --progress https://github.com/dcanadillas-kube/cloudbees-godemo.git +refs/heads/*:refs/remotes/origin/*
 > git config remote.origin.url https://github.com/dcanadillas-kube/cloudbees-godemo.git # timeout=10
 > git config --add remote.origin.fetch +refs/heads/*:refs/remotes/origin/* # timeout=10
 > git config remote.origin.url https://github.com/dcanadillas-kube/cloudbees-godemo.git # timeout=10
Fetching upstream changes from https://github.com/dcanadillas-kube/cloudbees-godemo.git
 > git fetch --tags --progress https://github.com/dcanadillas-kube/cloudbees-godemo.git +refs/heads/*:refs/remotes/origin/*
 > git rev-parse refs/remotes/origin/master^{commit} # timeout=10
 > git rev-parse refs/remotes/origin/origin/master^{commit} # timeout=10
Checking out Revision 940cace1d09506e3ef792fff874bef3cd9e1dbd9 (refs/remotes/origin/master)
 > git config core.sparsecheckout # timeout=10
 > git checkout -f 940cace1d09506e3ef792fff874bef3cd9e1dbd9
 > git branch -a -v --no-abbrev # timeout=10
 > git checkout -b master 940cace1d09506e3ef792fff874bef3cd9e1dbd9
Commit message: "Merge pull request #3 from dcanadillas-kube/mybranch"
First time build. Skipping changelog.
[Pipeline] sh
+ jx-release-version
+ echo 0.0.7
[Pipeline] sh
+ cat VERSION
+ jx step tag --version 0.0.7
Tag v0.0.7 created and pushed to remote origin
[Pipeline] sh
+ make build
CGO_ENABLED=0 GO15VENDOREXPERIMENT=1 go build -ldflags '' -o bin/cloudbees-godemo main.go
[Pipeline] sh
+ cat VERSION
+ export VERSION=0.0.7
+ skaffold build -f skaffold.yaml
time="2019-02-26T18:50:55Z" level=warning msg="config version (skaffold/v1beta2) out of date: upgrading to latest (skaffold/v1beta3)"
Starting build...
Building [changeme]...
Sending build context to Docker daemon  525.8kBSending build context to Docker daemon  6.502MB
Step 1/4 : FROM scratch
 ---> 
Step 2/4 : EXPOSE 8080
 ---> Using cache
 ---> c569a484e8ea
Step 3/4 : ENTRYPOINT /cloudbees-godemo
 ---> Using cache
 ---> 85332f0c868c
Step 4/4 : COPY ./bin/ /
 ---> Using cache
 ---> cd44eb991aa5
Successfully built cd44eb991aa5
The push refers to a repository [10.55.249.78:5000/dcanadillas-kube/cloudbees-godemo]
d30ef5511676: Preparing
d30ef5511676: Layer already exists
0.0.7: digest: sha256:d8cf92cad59df42c228847c98bc1e27a00cd3627048864f7c7872b3f03029029 size: 528
Build complete in 325.475841ms
Starting test...
Test complete in 5.98µs
changeme -> 10.55.249.78:5000/dcanadillas-kube/cloudbees-godemo:0.0.7
[Pipeline] sh
+ cat VERSION
+ jx step post build --image 10.55.249.78:5000/dcanadillas-kube/cloudbees-godemo:0.0.7
[Pipeline] }
[Pipeline] // dir
[Pipeline] }
[Pipeline] // stage
[Pipeline] stage
[Pipeline] { (Promote to Environments)
[Pipeline] dir
Running in /home/jenkins/go/src/github.com/dcanadillas-kube/cloudbees-godemo/charts/cloudbees-godemo
[Pipeline] {
[Pipeline] sh
+ cat ../../VERSION
+ jx step changelog --version v0.0.7
Using batch mode as inside a pipeline
Generating change log from git ref 940cace1d09506e3ef792fff874bef3cd9e1dbd9 => 7c9bcb1954a7ce82002188f07fd161ac8bd763cc
Failed to enrich commits with issues: User.jenkins.io "" is invalid: metadata.name: Required value: name or generateName is required
Failed to enrich commits with issues: User.jenkins.io "" is invalid: metadata.name: Required value: name or generateName is required
Finding issues in commit messages using git format
No release found for dcanadillas-kube/cloudbees-godemo and tag v0.0.7 so creating a new release
Updated the release information at https://github.com/dcanadillas-kube/cloudbees-godemo/releases/tag/v0.0.7
generated: /home/jenkins/go/src/github.com/dcanadillas-kube/cloudbees-godemo/charts/cloudbees-godemo/templates/release.yaml
Created Release cloudbees-godemo-0-0-7 resource in namespace jx
Updating PipelineActivity dcanadillas-kube-cloudbees-godemo-master-5 with version 0.0.7
Updated PipelineActivities dcanadillas-kube-cloudbees-godemo-master-5 with release notes URL: https://github.com/dcanadillas-kube/cloudbees-godemo/releases/tag/v0.0.7
[Pipeline] sh
+ jx step helm release
No $CHART_REPOSITORY defined so using the default value of: http://jenkins-x-chartmuseum:8080
Adding missing Helm repo: releases http://jenkins-x-chartmuseum:8080
Successfully added Helm repository releases.
Adding missing Helm repo: jenkins-x http://chartmuseum.jenkins-x.io
Successfully added Helm repository jenkins-x.
No $CHART_REPOSITORY defined so using the default value of: http://jenkins-x-chartmuseum:8080
Uploading chart file cloudbees-godemo-0.0.7.tgz to http://jenkins-x-chartmuseum:8080/api/charts
Received 201 response: {"saved":true}
[Pipeline] sh
+ cat ../../VERSION
+ jx promote -b --all-auto --timeout 1h --version 0.0.7
prow based install so skip waiting for the merge of Pull Requests to go green as currently there is an issue with gettingstatuses from the PR, see https://github.com/jenkins-x/jx/issues/2410
Promoting app cloudbees-godemo version 0.0.7 to namespace jx-staging
Created Pull Request: https://github.com/dcanadillas-kube/environment-dcanadillas-cb-gke1-staging/pull/6

Pull Request https://github.com/dcanadillas-kube/environment-dcanadillas-cb-gke1-staging/pull/6 is merged at sha 38ec15e51a8fb0a593f6e1ac7a1f8ea5c7cf1b75
Pull Request merged but we are not waiting for the update pipeline to complete!
[Pipeline] }
[Pipeline] // dir
[Pipeline] }
[Pipeline] // stage
[Pipeline] }
[Pipeline] // withEnv
[Pipeline] }
[Pipeline] // withCredentials
[Pipeline] }
[Pipeline] // node
[Pipeline] End of Pipeline
